[1021/224435.369:ERROR:directory_reader_win.cc(43)] FindFirstFile: ??????? ?? ??????? ????? ????????? ????. (0x3)
[1024/123739.826:ERROR:directory_reader_win.cc(43)] FindFirstFile: ??????? ?? ??????? ????? ????????? ????. (0x3)
[1025/130742.915:ERROR:directory_reader_win.cc(43)] FindFirstFile: ??????? ?? ??????? ????? ????????? ????. (0x3)
[1026/112352.983:ERROR:process_memory_win.cc(73)] ReadMemory at 0x13f660000 of 64 bytes failed: ?????? ReadProcessMemory ??? WriteProcessMemory ??? ???????? ?????? ????????. (0x12B)
[1026/112352.983:WARNING:pe_image_reader.cc(340)] could not read dos header from C:\Program Files (x86)\Google\Chrome\Application\chrome.exe
[1026/112352.983:ERROR:process_memory_win.cc(73)] ReadMemory at 0x77010000 of 64 bytes failed: ?????? ReadProcessMemory ??? WriteProcessMemory ??? ???????? ?????? ????????. (0x12B)
[1026/112352.984:WARNING:pe_image_reader.cc(340)] could not read dos header from C:\Windows\SYSTEM32\ntdll.dll
[1026/112352.984:ERROR:process_memory_win.cc(73)] ReadMemory at 0x76ef0000 of 64 bytes failed: ?????? ReadProcessMemory ??? WriteProcessMemory ??? ???????? ?????? ????????. (0x12B)
[1026/112352.984:WARNING:pe_image_reader.cc(340)] could not read dos header from C:\Windows\system32\kernel32.dll
[1026/112352.984:ERROR:process_memory_win.cc(73)] ReadMemory at 0x7fefcdd0000 of 64 bytes failed: ?????? ReadProcessMemory ??? WriteProcessMemory ??? ???????? ?????? ????????. (0x12B)
[1026/112352.984:WARNING:pe_image_reader.cc(340)] could not read dos header from C:\Windows\system32\KERNELBASE.dll
[1026/112352.984:ERROR:process_memory_win.cc(73)] ReadMemory at 0x7fee9650000 of 64 bytes failed: ?????? ReadProcessMemory ??? WriteProcessMemory ??? ???????? ?????? ????????. (0x12B)
[1026/112352.984:WARNING:pe_image_reader.cc(340)] could not read dos header from C:\Program Files (x86)\Google\Chrome\Application\86.0.4240.111\chrome_elf.dll
[1026/112352.984:ERROR:process_memory_win.cc(73)] ReadMemory at 0x7fefbce0000 of 64 bytes failed: ?????? ReadProcessMemory ??? WriteProcessMemory ??? ???????? ?????? ????????. (0x12B)
[1026/112352.985:WARNING:pe_image_reader.cc(340)] could not read dos header from C:\Windows\system32\VERSION.dll
[1026/112352.985:ERROR:process_memory_win.cc(73)] ReadMemory at 0x7fefeea0000 of 64 bytes failed: ?????? ReadProcessMemory ??? WriteProcessMemory ??? ???????? ?????? ????????. (0x12B)
[1026/112352.985:WARNING:pe_image_reader.cc(340)] could not read dos header from C:\Windows\system32\msvcrt.dll
[1026/112352.985:ERROR:process_memory_win.cc(73)] ReadMemory at 0x7fef91f0000 of 64 bytes failed: ?????? ReadProcessMemory ??? WriteProcessMemory ??? ???????? ?????? ????????. (0x12B)
[1026/112352.985:WARNING:pe_image_reader.cc(340)] could not read dos header from C:\Windows\system32\api-ms-win-core-synch-l1-2-0.DLL
[1026/112352.985:ERROR:process_memory_win.cc(73)] ReadMemory at 0x7fefebd0000 of 64 bytes failed: ?????? ReadProcessMemory ??? WriteProcessMemory ??? ???????? ?????? ????????. (0x12B)
[1026/112352.985:WARNING:pe_image_reader.cc(340)] could not read dos header from C:\Windows\system32\GDI32.dll
[1026/112352.985:ERROR:process_memory_win.cc(73)] ReadMemory at 0x76df0000 of 64 bytes failed: ?????? ReadProcessMemory ??? WriteProcessMemory ??? ???????? ?????? ????????. (0x12B)
[1026/112352.985:WARNING:pe_image_reader.cc(340)] could not read dos header from C:\Windows\system32\USER32.dll
[1026/112352.985:ERROR:process_memory_win.cc(73)] ReadMemory at 0x7feff2c0000 of 64 bytes failed: ?????? ReadProcessMemory ??? WriteProcessMemory ??? ???????? ?????? ????????. (0x12B)
[1026/112352.985:WARNING:pe_image_reader.cc(340)] could not read dos header from C:\Windows\system32\LPK.dll
[1026/112352.985:ERROR:process_memory_win.cc(73)] ReadMemory at 0x7fefe890000 of 64 bytes failed: ?????? ReadProcessMemory ??? WriteProcessMemory ??? ???????? ?????? ????????. (0x12B)
[1026/112352.985:WARNING:pe_image_reader.cc(340)] could not read dos header from C:\Windows\system32\USP10.dll
[1026/112352.985:ERROR:process_memory_win.cc(73)] ReadMemory at 0x7fefef40000 of 64 bytes failed: ?????? ReadProcessMemory ??? WriteProcessMemory ??? ???????? ?????? ????????. (0x12B)
[1026/112352.985:WARNING:pe_image_reader.cc(340)] could not read dos header from C:\Windows\system32\IMM32.DLL
[1026/112352.985:ERROR:process_memory_win.cc(73)] ReadMemory at 0x7fefec60000 of 64 bytes failed: ?????? ReadProcessMemory ??? WriteProcessMemory ??? ???????? ?????? ????????. (0x12B)
[1026/112352.985:WARNING:pe_image_reader.cc(340)] could not read dos header from C:\Windows\system32\MSCTF.dll
[1026/112352.985:ERROR:process_memory_win.cc(73)] ReadMemory at 0x7fef8800000 of 64 bytes failed: ?????? ReadProcessMemory ??? WriteProcessMemory ??? ???????? ?????? ????????. (0x12B)
[1026/112352.985:WARNING:pe_image_reader.cc(340)] could not read dos header from C:\Windows\system32\nvinitx.dll
[1026/112352.985:ERROR:process_memory_win.cc(73)] ReadMemory at 0x7fefe2f0000 of 64 bytes failed: ?????? ReadProcessMemory ??? WriteProcessMemory ??? ???????? ?????? ????????. (0x12B)
[1026/112352.985:WARNING:pe_image_reader.cc(340)] could not read dos header from C:\Windows\system32\ADVAPI32.dll
[1026/112352.985:ERROR:process_memory_win.cc(73)] ReadMemory at 0x7fefec40000 of 64 bytes failed: ?????? ReadProcessMemory ??? WriteProcessMemory ??? ???????? ?????? ????????. (0x12B)
[1026/112352.985:WARNING:pe_image_reader.cc(340)] could not read dos header from C:\Windows\SYSTEM32\sechost.dll
[1026/112352.985:ERROR:process_memory_win.cc(73)] ReadMemory at 0x7fefed70000 of 64 bytes failed: ?????? ReadProcessMemory ??? WriteProcessMemory ??? ???????? ?????? ????????. (0x12B)
[1026/112352.985:WARNING:pe_image_reader.cc(340)] could not read dos header from C:\Windows\system32\RPCRT4.dll
[1026/112352.985:ERROR:process_memory_win.cc(73)] ReadMemory at 0x71700000 of 64 bytes failed: ?????? ReadProcessMemory ??? WriteProcessMemory ??? ???????? ?????? ????????. (0x12B)
[1026/112352.985:WARNING:pe_image_reader.cc(340)] could not read dos header from C:\Program Files\NVIDIA Corporation\CoProcManager\detoured.dll
[1026/112352.985:ERROR:process_memory_win.cc(73)] ReadMemory at 0x7fef7a10000 of 64 bytes failed: ?????? ReadProcessMemory ??? WriteProcessMemory ??? ???????? ?????? ????????. (0x12B)
[1026/112352.986:WARNING:pe_image_reader.cc(340)] could not read dos header from C:\Program Files\NVIDIA Corporation\CoProcManager\nvd3d9wrapx.dll
[1026/112352.986:ERROR:process_memory_win.cc(73)] ReadMemory at 0x7fefe3d0000 of 64 bytes failed: ?????? ReadProcessMemory ??? WriteProcessMemory ??? ???????? ?????? ????????. (0x12B)
[1026/112352.986:WARNING:pe_image_reader.cc(340)] could not read dos header from C:\Windows\system32\SETUPAPI.dll
[1026/112352.986:ERROR:process_memory_win.cc(73)] ReadMemory at 0x7fefce70000 of 64 bytes failed: ?????? ReadProcessMemory ??? WriteProcessMemory ??? ???????? ?????? ????????. (0x12B)
[1026/112352.986:WARNING:pe_image_reader.cc(340)] could not read dos header from C:\Windows\system32\CFGMGR32.dll
[1026/112352.986:ERROR:process_memory_win.cc(73)] ReadMemory at 0x7fefeaf0000 of 64 bytes failed: ?????? ReadProcessMemory ??? WriteProcessMemory ??? ???????? ?????? ????????. (0x12B)
[1026/112352.986:WARNING:pe_image_reader.cc(340)] could not read dos header from C:\Windows\system32\OLEAUT32.dll
[1026/112352.986:ERROR:process_memory_win.cc(73)] ReadMemory at 0x7fefe5d0000 of 64 bytes failed: ?????? ReadProcessMemory ??? WriteProcessMemory ??? ???????? ?????? ????????. (0x12B)
[1026/112352.986:WARNING:pe_image_reader.cc(340)] could not read dos header from C:\Windows\system32\ole32.dll
[1026/112352.986:ERROR:process_memory_win.cc(73)] ReadMemory at 0x7fefce40000 of 64 bytes failed: ?????? ReadProcessMemory ??? WriteProcessMemory ??? ???????? ?????? ????????. (0x12B)
[1026/112352.986:WARNING:pe_image_reader.cc(340)] could not read dos header from C:\Windows\system32\DEVOBJ.dll
[1026/112352.986:ERROR:process_memory_win.cc(73)] ReadMemory at 0x7fef79e0000 of 64 bytes failed: ?????? ReadProcessMemory ??? WriteProcessMemory ??? ???????? ?????? ????????. (0x12B)
[1026/112352.986:WARNING:pe_image_reader.cc(340)] could not read dos header from C:\Program Files\NVIDIA Corporation\CoProcManager\nvdxgiwrapx.dll
[1026/112352.986:ERROR:process_memory_win.cc(73)] ReadMemory at 0x7fec4c80000 of 64 bytes failed: ?????? ReadProcessMemory ??? WriteProcessMemory ??? ???????? ?????? ????????. (0x12B)
[1026/112352.986:WARNING:pe_image_reader.cc(340)] could not read dos header from C:\Program Files (x86)\Google\Chrome\Application\86.0.4240.111\chrome.dll
[1026/112352.986:ERROR:process_memory_win.cc(73)] ReadMemory at 0x7fef6030000 of 64 bytes failed: ?????? ReadProcessMemory ??? WriteProcessMemory ??? ???????? ?????? ????????. (0x12B)
[1026/112352.986:WARNING:pe_image_reader.cc(340)] could not read dos header from C:\Windows\system32\dbghelp.dll
[1026/112352.986:ERROR:process_memory_win.cc(73)] ReadMemory at 0x7feff2d0000 of 64 bytes failed: ?????? ReadProcessMemory ??? WriteProcessMemory ??? ???????? ?????? ????????. (0x12B)
[1026/112352.986:WARNING:pe_image_reader.cc(340)] could not read dos header from C:\Windows\system32\WS2_32.dll
[1026/112352.986:ERROR:process_memory_win.cc(73)] ReadMemory at 0x7fefe880000 of 64 bytes failed: ?????? ReadProcessMemory ??? WriteProcessMemory ??? ???????? ?????? ????????. (0x12B)
[1026/112352.986:WARNING:pe_image_reader.cc(340)] could not read dos header from C:\Windows\system32\NSI.dll
[1026/112352.986:ERROR:process_memory_win.cc(73)] ReadMemory at 0x7fefa4b0000 of 64 bytes failed: ?????? ReadProcessMemory ??? WriteProcessMemory ??? ???????? ?????? ????????. (0x12B)
[1026/112352.987:WARNING:pe_image_reader.cc(340)] could not read dos header from C:\Windows\system32\IPHLPAPI.DLL
[1026/112352.987:ERROR:process_memory_win.cc(73)] ReadMemory at 0x7fefa490000 of 64 bytes failed: ?????? ReadProcessMemory ??? WriteProcessMemory ??? ???????? ?????? ????????. (0x12B)
[1026/112352.987:WARNING:pe_image_reader.cc(340)] could not read dos header from C:\Windows\system32\WINNSI.DLL
[1026/112352.987:ERROR:process_memory_win.cc(73)] ReadMemory at 0x7fefb160000 of 64 bytes failed: ?????? ReadProcessMemory ??? WriteProcessMemory ??? ???????? ?????? ????????. (0x12B)
[1026/112352.987:WARNING:pe_image_reader.cc(340)] could not read dos header from C:\Windows\system32\WINMM.dll
[1026/112352.987:ERROR:process_memory_win.cc(73)] ReadMemory at 0x7fee9980000 of 64 bytes failed: ?????? ReadProcessMemory ??? WriteProcessMemory ??? ???????? ?????? ????????. (0x12B)
[1026/112352.987:WARNING:pe_image_reader.cc(340)] could not read dos header from C:\Windows\system32\UIAutomationCore.DLL
[1026/112352.987:ERROR:process_memory_win.cc(73)] ReadMemory at 0x771d0000 of 64 bytes failed: ?????? ReadProcessMemory ??? WriteProcessMemory ??? ???????? ?????? ????????. (0x12B)
[1026/112352.987:WARNING:pe_image_reader.cc(340)] could not read dos header from C:\Windows\system32\PSAPI.DLL
[1026/112352.987:ERROR:process_memory_win.cc(73)] ReadMemory at 0x7fefab10000 of 64 bytes failed: ?????? ReadProcessMemory ??? WriteProcessMemory ??? ???????? ?????? ????????. (0x12B)
[1026/112352.987:WARNING:pe_image_reader.cc(340)] could not read dos header from C:\Windows\system32\OLEACC.dll
[1026/112352.987:ERROR:process_memory_win.cc(73)] ReadMemory at 0x7fefc9c0000 of 64 bytes failed: ?????? ReadProcessMemory ??? WriteProcessMemory ??? ???????? ?????? ????????. (0x12B)
[1026/112352.987:WARNING:pe_image_reader.cc(340)] could not read dos header from C:\Windows\system32\Secur32.dll
[1026/112352.987:ERROR:process_memory_win.cc(73)] ReadMemory at 0x7fefcb80000 of 64 bytes failed: ?????? ReadProcessMemory ??? WriteProcessMemory ??? ???????? ?????? ????????. (0x12B)
[1026/112352.987:WARNING:pe_image_reader.cc(340)] could not read dos header from C:\Windows\system32\SSPICLI.DLL
[1026/112352.987:ERROR:process_memory_win.cc(73)] ReadMemory at 0x7fefceb0000 of 64 bytes failed: ?????? ReadProcessMemory ??? WriteProcessMemory ??? ???????? ?????? ????????. (0x12B)
[1026/112352.987:WARNING:pe_image_reader.cc(340)] could not read dos header from C:\Windows\system32\USERENV.dll
[1026/112352.987:ERROR:process_memory_win.cc(73)] ReadMemory at 0x150000 of 64 bytes failed: ?????? ReadProcessMemory ??? WriteProcessMemory ??? ???????? ?????? ????????. (0x12B)
[1026/112352.987:WARNING:pe_image_reader.cc(340)] could not read dos header from C:\Windows\system32\profapi.dll
[1026/112352.987:ERROR:process_memory_win.cc(73)] ReadMemory at 0x7fefcee0000 of 64 bytes failed: ?????? ReadProcessMemory ??? WriteProcessMemory ??? ???????? ?????? ????????. (0x12B)
[1026/112352.987:WARNING:pe_image_reader.cc(340)] could not read dos header from C:\Windows\system32\WINTRUST.dll
[1026/112352.987:ERROR:process_memory_win.cc(73)] ReadMemory at 0x7fefcf40000 of 64 bytes failed: ?????? ReadProcessMemory ??? WriteProcessMemory ??? ???????? ?????? ????????. (0x12B)
[1026/112352.987:WARNING:pe_image_reader.cc(340)] could not read dos header from C:\Windows\system32\CRYPT32.dll
[1026/112352.987:ERROR:process_memory_win.cc(73)] ReadMemory at 0x7fefcdb0000 of 64 bytes failed: ?????? ReadProcessMemory ??? WriteProcessMemory ??? ???????? ?????? ????????. (0x12B)
[1026/112352.987:WARNING:pe_image_reader.cc(340)] could not read dos header from C:\Windows\system32\MSASN1.dll
[1026/112352.987:ERROR:process_memory_win.cc(73)] ReadMemory at 0x7fee3740000 of 64 bytes failed: ?????? ReadProcessMemory ??? WriteProcessMemory ??? ???????? ?????? ????????. (0x12B)
[1026/112352.987:WARNING:pe_image_reader.cc(340)] could not read dos header from C:\Windows\system32\DWrite.dll
[1026/112352.987:ERROR:process_memory_win.cc(73)] ReadMemory at 0x7fefad50000 of 64 bytes failed: ?????? ReadProcessMemory ??? WriteProcessMemory ??? ???????? ?????? ????????. (0x12B)
[1026/112352.987:WARNING:pe_image_reader.cc(340)] could not read dos header from C:\Windows\system32\WINSPOOL.DRV
[1026/112352.987:ERROR:process_memory_win.cc(73)] ReadMemory at 0x7fef2780000 of 64 bytes failed: ?????? ReadProcessMemory ??? WriteProcessMemory ??? ???????? ?????? ????????. (0x12B)
[1026/112352.987:WARNING:pe_image_reader.cc(340)] could not read dos header from C:\Windows\system32\WINHTTP.dll
[1026/112352.987:ERROR:process_memory_win.cc(73)] ReadMemory at 0x7fef2710000 of 64 bytes failed: ?????? ReadProcessMemory ??? WriteProcessMemory ??? ???????? ?????? ????????. (0x12B)
[1026/112352.988:WARNING:pe_image_reader.cc(340)] could not read dos header from C:\Windows\system32\webio.dll
[1026/112352.988:ERROR:process_memory_win.cc(73)] ReadMemory at 0x7fefa160000 of 64 bytes failed: ?????? ReadProcessMemory ??? WriteProcessMemory ??? ???????? ?????? ????????. (0x12B)
[1026/112352.988:WARNING:pe_image_reader.cc(340)] could not read dos header from C:\Windows\system32\dhcpcsvc.DLL
[1026/112352.988:ERROR:process_memory_win.cc(73)] ReadMemory at 0x7fefcc50000 of 64 bytes failed: ?????? ReadProcessMemory ??? WriteProcessMemory ??? ???????? ?????? ????????. (0x12B)
[1026/112352.988:WARNING:pe_image_reader.cc(340)] could not read dos header from C:\Windows\system32\cryptbase.dll
[1026/112352.988:ERROR:process_memory_win.cc(73)] ReadMemory at 0x7fefb1a0000 of 64 bytes failed: ?????? ReadProcessMemory ??? WriteProcessMemory ??? ???????? ?????? ????????. (0x12B)
[1026/112352.988:WARNING:pe_image_reader.cc(340)] could not read dos header from C:\Windows\system32\uxtheme.dll
[1026/112352.988:ERROR:process_memory_win.cc(73)] ReadMemory at 0x13f660000 of 64 bytes failed: ?????? ReadProcessMemory ??? WriteProcessMemory ??? ???????? ?????? ????????. (0x12B)
[1026/112352.988:WARNING:pe_image_reader.cc(340)] could not read dos header from C:\Program Files (x86)\Google\Chrome\Application\chrome.exe
[1026/112352.988:ERROR:process_memory_win.cc(73)] ReadMemory at 0x77010000 of 64 bytes failed: ?????? ReadProcessMemory ??? WriteProcessMemory ??? ???????? ?????? ????????. (0x12B)
[1026/112352.988:WARNING:pe_image_reader.cc(340)] could not read dos header from C:\Windows\SYSTEM32\ntdll.dll
[1026/112352.988:ERROR:process_memory_win.cc(73)] ReadMemory at 0x76ef0000 of 64 bytes failed: ?????? ReadProcessMemory ??? WriteProcessMemory ??? ???????? ?????? ????????. (0x12B)
[1026/112352.988:WARNING:pe_image_reader.cc(340)] could not read dos header from C:\Windows\system32\kernel32.dll
[1026/112352.988:ERROR:process_memory_win.cc(73)] ReadMemory at 0x7fefcdd0000 of 64 bytes failed: ?????? ReadProcessMemory ??? WriteProcessMemory ??? ???????? ?????? ????????. (0x12B)
[1026/112352.988:WARNING:pe_image_reader.cc(340)] could not read dos header from C:\Windows\system32\KERNELBASE.dll
[1026/112352.988:ERROR:process_memory_win.cc(73)] ReadMemory at 0x7fee9650000 of 64 bytes failed: ?????? ReadProcessMemory ??? WriteProcessMemory ??? ???????? ?????? ????????. (0x12B)
[1026/112352.988:WARNING:pe_image_reader.cc(340)] could not read dos header from C:\Program Files (x86)\Google\Chrome\Application\86.0.4240.111\chrome_elf.dll
[1026/112352.988:ERROR:process_memory_win.cc(73)] ReadMemory at 0x7fefbce0000 of 64 bytes failed: ?????? ReadProcessMemory ??? WriteProcessMemory ??? ???????? ?????? ????????. (0x12B)
[1026/112352.988:WARNING:pe_image_reader.cc(340)] could not read dos header from C:\Windows\system32\VERSION.dll
[1026/112352.988:ERROR:process_memory_win.cc(73)] ReadMemory at 0x7fefeea0000 of 64 bytes failed: ?????? ReadProcessMemory ??? WriteProcessMemory ??? ???????? ?????? ????????. (0x12B)
[1026/112352.988:WARNING:pe_image_reader.cc(340)] could not read dos header from C:\Windows\system32\msvcrt.dll
[1026/112352.988:ERROR:process_memory_win.cc(73)] ReadMemory at 0x7fef91f0000 of 64 bytes failed: ?????? ReadProcessMemory ??? WriteProcessMemory ??? ???????? ?????? ????????. (0x12B)
[1026/112352.988:WARNING:pe_image_reader.cc(340)] could not read dos header from C:\Windows\system32\api-ms-win-core-synch-l1-2-0.DLL
[1026/112352.988:ERROR:process_memory_win.cc(73)] ReadMemory at 0x7fefebd0000 of 64 bytes failed: ?????? ReadProcessMemory ??? WriteProcessMemory ??? ???????? ?????? ????????. (0x12B)
[1026/112352.988:WARNING:pe_image_reader.cc(340)] could not read dos header from C:\Windows\system32\GDI32.dll
[1026/112352.988:ERROR:process_memory_win.cc(73)] ReadMemory at 0x76df0000 of 64 bytes failed: ?????? ReadProcessMemory ??? WriteProcessMemory ??? ???????? ?????? ????????. (0x12B)
[1026/112352.988:WARNING:pe_image_reader.cc(340)] could not read dos header from C:\Windows\system32\USER32.dll
[1026/112352.988:ERROR:process_memory_win.cc(73)] ReadMemory at 0x7feff2c0000 of 64 bytes failed: ?????? ReadProcessMemory ??? WriteProcessMemory ??? ???????? ?????? ????????. (0x12B)
[1026/112352.988:WARNING:pe_image_reader.cc(340)] could not read dos header from C:\Windows\system32\LPK.dll
[1026/112352.989:ERROR:process_memory_win.cc(73)] ReadMemory at 0x7fefe890000 of 64 bytes failed: ?????? ReadProcessMemory ??? WriteProcessMemory ??? ???????? ?????? ????????. (0x12B)
[1026/112352.989:WARNING:pe_image_reader.cc(340)] could not read dos header from C:\Windows\system32\USP10.dll
[1026/112352.989:ERROR:process_memory_win.cc(73)] ReadMemory at 0x7fefef40000 of 64 bytes failed: ?????? ReadProcessMemory ??? WriteProcessMemory ??? ???????? ?????? ????????. (0x12B)
[1026/112352.989:WARNING:pe_image_reader.cc(340)] could not read dos header from C:\Windows\system32\IMM32.DLL
[1026/112352.989:ERROR:process_memory_win.cc(73)] ReadMemory at 0x7fefec60000 of 64 bytes failed: ?????? ReadProcessMemory ??? WriteProcessMemory ??? ???????? ?????? ????????. (0x12B)
[1026/112352.989:WARNING:pe_image_reader.cc(340)] could not read dos header from C:\Windows\system32\MSCTF.dll
[1026/112352.989:ERROR:process_memory_win.cc(73)] ReadMemory at 0x7fef8800000 of 64 bytes failed: ?????? ReadProcessMemory ??? WriteProcessMemory ??? ???????? ?????? ????????. (0x12B)
[1026/112352.989:WARNING:pe_image_reader.cc(340)] could not read dos header from C:\Windows\system32\nvinitx.dll
[1026/112352.989:ERROR:process_memory_win.cc(73)] ReadMemory at 0x7fefe2f0000 of 64 bytes failed: ?????? ReadProcessMemory ??? WriteProcessMemory ??? ???????? ?????? ????????. (0x12B)
[1026/112352.989:WARNING:pe_image_reader.cc(340)] could not read dos header from C:\Windows\system32\ADVAPI32.dll
[1026/112352.989:ERROR:process_memory_win.cc(73)] ReadMemory at 0x7fefec40000 of 64 bytes failed: ?????? ReadProcessMemory ??? WriteProcessMemory ??? ???????? ?????? ????????. (0x12B)
[1026/112352.989:WARNING:pe_image_reader.cc(340)] could not read dos header from C:\Windows\SYSTEM32\sechost.dll
[1026/112352.989:ERROR:process_memory_win.cc(73)] ReadMemory at 0x7fefed70000 of 64 bytes failed: ?????? ReadProcessMemory ??? WriteProcessMemory ??? ???????? ?????? ????????. (0x12B)
[1026/112352.989:WARNING:pe_image_reader.cc(340)] could not read dos header from C:\Windows\system32\RPCRT4.dll
[1026/112352.989:ERROR:process_memory_win.cc(73)] ReadMemory at 0x71700000 of 64 bytes failed: ?????? ReadProcessMemory ??? WriteProcessMemory ??? ???????? ?????? ????????. (0x12B)
[1026/112352.989:WARNING:pe_image_reader.cc(340)] could not read dos header from C:\Program Files\NVIDIA Corporation\CoProcManager\detoured.dll
[1026/112352.989:ERROR:process_memory_win.cc(73)] ReadMemory at 0x7fef7a10000 of 64 bytes failed: ?????? ReadProcessMemory ??? WriteProcessMemory ??? ???????? ?????? ????????. (0x12B)
[1026/112352.989:WARNING:pe_image_reader.cc(340)] could not read dos header from C:\Program Files\NVIDIA Corporation\CoProcManager\nvd3d9wrapx.dll
[1026/112352.989:ERROR:process_memory_win.cc(73)] ReadMemory at 0x7fefe3d0000 of 64 bytes failed: ?????? ReadProcessMemory ??? WriteProcessMemory ??? ???????? ?????? ????????. (0x12B)
[1026/112352.989:WARNING:pe_image_reader.cc(340)] could not read dos header from C:\Windows\system32\SETUPAPI.dll
[1026/112352.989:ERROR:process_memory_win.cc(73)] ReadMemory at 0x7fefce70000 of 64 bytes failed: ?????? ReadProcessMemory ??? WriteProcessMemory ??? ???????? ?????? ????????. (0x12B)
[1026/112352.989:WARNING:pe_image_reader.cc(340)] could not read dos header from C:\Windows\system32\CFGMGR32.dll
[1026/112352.989:ERROR:process_memory_win.cc(73)] ReadMemory at 0x7fefeaf0000 of 64 bytes failed: ?????? ReadProcessMemory ??? WriteProcessMemory ??? ???????? ?????? ????????. (0x12B)
[1026/112352.989:WARNING:pe_image_reader.cc(340)] could not read dos header from C:\Windows\system32\OLEAUT32.dll
[1026/112352.989:ERROR:process_memory_win.cc(73)] ReadMemory at 0x7fefe5d0000 of 64 bytes failed: ?????? ReadProcessMemory ??? WriteProcessMemory ??? ???????? ?????? ????????. (0x12B)
[1026/112352.989:WARNING:pe_image_reader.cc(340)] could not read dos header from C:\Windows\system32\ole32.dll
[1026/112352.989:ERROR:process_memory_win.cc(73)] ReadMemory at 0x7fefce40000 of 64 bytes failed: ?????? ReadProcessMemory ??? WriteProcessMemory ??? ???????? ?????? ????????. (0x12B)
[1026/112352.989:WARNING:pe_image_reader.cc(340)] could not read dos header from C:\Windows\system32\DEVOBJ.dll
[1026/112352.989:ERROR:process_memory_win.cc(73)] ReadMemory at 0x7fef79e0000 of 64 bytes failed: ?????? ReadProcessMemory ??? WriteProcessMemory ??? ???????? ?????? ????????. (0x12B)
[1026/112352.989:WARNING:pe_image_reader.cc(340)] could not read dos header from C:\Program Files\NVIDIA Corporation\CoProcManager\nvdxgiwrapx.dll
[1026/112352.989:ERROR:process_memory_win.cc(73)] ReadMemory at 0x7fec4c80000 of 64 bytes failed: ?????? ReadProcessMemory ??? WriteProcessMemory ??? ???????? ?????? ????????. (0x12B)
[1026/112352.989:WARNING:pe_image_reader.cc(340)] could not read dos header from C:\Program Files (x86)\Google\Chrome\Application\86.0.4240.111\chrome.dll
[1026/112352.989:ERROR:process_memory_win.cc(73)] ReadMemory at 0x7fef6030000 of 64 bytes failed: ?????? ReadProcessMemory ??? WriteProcessMemory ??? ???????? ?????? ????????. (0x12B)
[1026/112352.989:WARNING:pe_image_reader.cc(340)] could not read dos header from C:\Windows\system32\dbghelp.dll
[1026/112352.990:ERROR:process_memory_win.cc(73)] ReadMemory at 0x7feff2d0000 of 64 bytes failed: ?????? ReadProcessMemory ??? WriteProcessMemory ??? ???????? ?????? ????????. (0x12B)
[1026/112352.990:WARNING:pe_image_reader.cc(340)] could not read dos header from C:\Windows\system32\WS2_32.dll
[1026/112352.990:ERROR:process_memory_win.cc(73)] ReadMemory at 0x7fefe880000 of 64 bytes failed: ?????? ReadProcessMemory ??? WriteProcessMemory ??? ???????? ?????? ????????. (0x12B)
[1026/112352.990:WARNING:pe_image_reader.cc(340)] could not read dos header from C:\Windows\system32\NSI.dll
[1026/112352.990:ERROR:process_memory_win.cc(73)] ReadMemory at 0x7fefa4b0000 of 64 bytes failed: ?????? ReadProcessMemory ??? WriteProcessMemory ??? ???????? ?????? ????????. (0x12B)
[1026/112352.990:WARNING:pe_image_reader.cc(340)] could not read dos header from C:\Windows\system32\IPHLPAPI.DLL
[1026/112352.990:ERROR:process_memory_win.cc(73)] ReadMemory at 0x7fefa490000 of 64 bytes failed: ?????? ReadProcessMemory ??? WriteProcessMemory ??? ???????? ?????? ????????. (0x12B)
[1026/112352.990:WARNING:pe_image_reader.cc(340)] could not read dos header from C:\Windows\system32\WINNSI.DLL
[1026/112352.990:ERROR:process_memory_win.cc(73)] ReadMemory at 0x7fefb160000 of 64 bytes failed: ?????? ReadProcessMemory ??? WriteProcessMemory ??? ???????? ?????? ????????. (0x12B)
[1026/112352.990:WARNING:pe_image_reader.cc(340)] could not read dos header from C:\Windows\system32\WINMM.dll
[1026/112352.990:ERROR:process_memory_win.cc(73)] ReadMemory at 0x7fee9980000 of 64 bytes failed: ?????? ReadProcessMemory ??? WriteProcessMemory ??? ???????? ?????? ????????. (0x12B)
[1026/112352.990:WARNING:pe_image_reader.cc(340)] could not read dos header from C:\Windows\system32\UIAutomationCore.DLL
[1026/112352.990:ERROR:process_memory_win.cc(73)] ReadMemory at 0x771d0000 of 64 bytes failed: ?????? ReadProcessMemory ??? WriteProcessMemory ??? ???????? ?????? ????????. (0x12B)
[1026/112352.990:WARNING:pe_image_reader.cc(340)] could not read dos header from C:\Windows\system32\PSAPI.DLL
[1026/112352.990:ERROR:process_memory_win.cc(73)] ReadMemory at 0x7fefab10000 of 64 bytes failed: ?????? ReadProcessMemory ??? WriteProcessMemory ??? ???????? ?????? ????????. (0x12B)
[1026/112352.990:WARNING:pe_image_reader.cc(340)] could not read dos header from C:\Windows\system32\OLEACC.dll
[1026/112352.990:ERROR:process_memory_win.cc(73)] ReadMemory at 0x7fefc9c0000 of 64 bytes failed: ?????? ReadProcessMemory ??? WriteProcessMemory ??? ???????? ?????? ????????. (0x12B)
[1026/112352.990:WARNING:pe_image_reader.cc(340)] could not read dos header from C:\Windows\system32\Secur32.dll
[1026/112352.990:ERROR:process_memory_win.cc(73)] ReadMemory at 0x7fefcb80000 of 64 bytes failed: ?????? ReadProcessMemory ??? WriteProcessMemory ??? ???????? ?????? ????????. (0x12B)
[1026/112352.990:WARNING:pe_image_reader.cc(340)] could not read dos header from C:\Windows\system32\SSPICLI.DLL
[1026/112352.991:ERROR:process_memory_win.cc(73)] ReadMemory at 0x7fefceb0000 of 64 bytes failed: ?????? ReadProcessMemory ??? WriteProcessMemory ??? ???????? ?????? ????????. (0x12B)
[1026/112352.991:WARNING:pe_image_reader.cc(340)] could not read dos header from C:\Windows\system32\USERENV.dll
[1026/112352.991:ERROR:process_memory_win.cc(73)] ReadMemory at 0x150000 of 64 bytes failed: ?????? ReadProcessMemory ??? WriteProcessMemory ??? ???????? ?????? ????????. (0x12B)
[1026/112352.991:WARNING:pe_image_reader.cc(340)] could not read dos header from C:\Windows\system32\profapi.dll
[1026/112352.991:ERROR:process_memory_win.cc(73)] ReadMemory at 0x7fefcee0000 of 64 bytes failed: ?????? ReadProcessMemory ??? WriteProcessMemory ??? ???????? ?????? ????????. (0x12B)
[1026/112352.991:WARNING:pe_image_reader.cc(340)] could not read dos header from C:\Windows\system32\WINTRUST.dll
[1026/112352.991:ERROR:process_memory_win.cc(73)] ReadMemory at 0x7fefcf40000 of 64 bytes failed: ?????? ReadProcessMemory ??? WriteProcessMemory ??? ???????? ?????? ????????. (0x12B)
[1026/112352.991:WARNING:pe_image_reader.cc(340)] could not read dos header from C:\Windows\system32\CRYPT32.dll
[1026/112352.991:ERROR:process_memory_win.cc(73)] ReadMemory at 0x7fefcdb0000 of 64 bytes failed: ?????? ReadProcessMemory ??? WriteProcessMemory ??? ???????? ?????? ????????. (0x12B)
[1026/112352.991:WARNING:pe_image_reader.cc(340)] could not read dos header from C:\Windows\system32\MSASN1.dll
[1026/112352.991:ERROR:process_memory_win.cc(73)] ReadMemory at 0x7fee3740000 of 64 bytes failed: ?????? ReadProcessMemory ??? WriteProcessMemory ??? ???????? ?????? ????????. (0x12B)
[1026/112352.991:WARNING:pe_image_reader.cc(340)] could not read dos header from C:\Windows\system32\DWrite.dll
[1026/112352.991:ERROR:process_memory_win.cc(73)] ReadMemory at 0x7fefad50000 of 64 bytes failed: ?????? ReadProcessMemory ??? WriteProcessMemory ??? ???????? ?????? ????????. (0x12B)
[1026/112352.991:WARNING:pe_image_reader.cc(340)] could not read dos header from C:\Windows\system32\WINSPOOL.DRV
[1026/112352.991:ERROR:process_memory_win.cc(73)] ReadMemory at 0x7fef2780000 of 64 bytes failed: ?????? ReadProcessMemory ??? WriteProcessMemory ??? ???????? ?????? ????????. (0x12B)
[1026/112352.991:WARNING:pe_image_reader.cc(340)] could not read dos header from C:\Windows\system32\WINHTTP.dll
[1026/112352.991:ERROR:process_memory_win.cc(73)] ReadMemory at 0x7fef2710000 of 64 bytes failed: ?????? ReadProcessMemory ??? WriteProcessMemory ??? ???????? ?????? ????????. (0x12B)
[1026/112352.991:WARNING:pe_image_reader.cc(340)] could not read dos header from C:\Windows\system32\webio.dll
[1026/112352.991:ERROR:process_memory_win.cc(73)] ReadMemory at 0x7fefa160000 of 64 bytes failed: ?????? ReadProcessMemory ??? WriteProcessMemory ??? ???????? ?????? ????????. (0x12B)
[1026/112352.991:WARNING:pe_image_reader.cc(340)] could not read dos header from C:\Windows\system32\dhcpcsvc.DLL
[1026/112352.991:ERROR:process_memory_win.cc(73)] ReadMemory at 0x7fefcc50000 of 64 bytes failed: ?????? ReadProcessMemory ??? WriteProcessMemory ??? ???????? ?????? ????????. (0x12B)
[1026/112352.991:WARNING:pe_image_reader.cc(340)] could not read dos header from C:\Windows\system32\cryptbase.dll
[1026/112352.991:ERROR:process_memory_win.cc(73)] ReadMemory at 0x7fefb1a0000 of 64 bytes failed: ?????? ReadProcessMemory ??? WriteProcessMemory ??? ???????? ?????? ????????. (0x12B)
[1026/112352.991:WARNING:pe_image_reader.cc(340)] could not read dos header from C:\Windows\system32\uxtheme.dll
[1026/112353.187:ERROR:process_memory_win.cc(73)] ReadMemory at 0x9a5000 of 45056 bytes failed: ?????? ReadProcessMemory ??? WriteProcessMemory ??? ???????? ?????? ????????. (0x12B)
[1026/112353.187:ERROR:process_memory_win.cc(73)] ReadMemory at 0x36ae000 of 8192 bytes failed: ?????? ReadProcessMemory ??? WriteProcessMemory ??? ???????? ?????? ????????. (0x12B)
[1026/112353.187:ERROR:process_memory_win.cc(73)] ReadMemory at 0x496e000 of 8192 bytes failed: ?????? ReadProcessMemory ??? WriteProcessMemory ??? ???????? ?????? ????????. (0x12B)
[1026/112353.187:ERROR:process_memory_win.cc(73)] ReadMemory at 0x525d000 of 12288 bytes failed: ?????? ReadProcessMemory ??? WriteProcessMemory ??? ???????? ?????? ????????. (0x12B)
[1026/112353.187:ERROR:process_memory_win.cc(73)] ReadMemory at 0x5b1f000 of 4096 bytes failed: ?????? ReadProcessMemory ??? WriteProcessMemory ??? ???????? ?????? ????????. (0x12B)
[1026/112353.187:ERROR:process_memory_win.cc(73)] ReadMemory at 0x647e000 of 8192 bytes failed: ?????? ReadProcessMemory ??? WriteProcessMemory ??? ???????? ?????? ????????. (0x12B)
[1026/112353.187:ERROR:process_memory_win.cc(73)] ReadMemory at 0x766e000 of 8192 bytes failed: ?????? ReadProcessMemory ??? WriteProcessMemory ??? ???????? ?????? ????????. (0x12B)
[1026/112353.187:ERROR:process_memory_win.cc(73)] ReadMemory at 0x7f5d000 of 12288 bytes failed: ?????? ReadProcessMemory ??? WriteProcessMemory ??? ???????? ?????? ????????. (0x12B)
[1026/112353.187:ERROR:process_memory_win.cc(73)] ReadMemory at 0x882e000 of 8192 bytes failed: ?????? ReadProcessMemory ??? WriteProcessMemory ??? ???????? ?????? ????????. (0x12B)
[1026/112353.188:ERROR:process_memory_win.cc(73)] ReadMemory at 0x917e000 of 8192 bytes failed: ?????? ReadProcessMemory ??? WriteProcessMemory ??? ???????? ?????? ????????. (0x12B)
[1026/112353.188:ERROR:process_memory_win.cc(73)] ReadMemory at 0x99cd000 of 12288 bytes failed: ?????? ReadProcessMemory ??? WriteProcessMemory ??? ???????? ?????? ????????. (0x12B)
[1026/112353.188:ERROR:process_memory_win.cc(73)] ReadMemory at 0xca3d000 of 12288 bytes failed: ?????? ReadProcessMemory ??? WriteProcessMemory ??? ???????? ?????? ????????. (0x12B)
[1026/112353.188:ERROR:process_memory_win.cc(73)] ReadMemory at 0x6d5d000 of 12288 bytes failed: ?????? ReadProcessMemory ??? WriteProcessMemory ??? ???????? ?????? ????????. (0x12B)
[1026/112353.188:ERROR:process_memory_win.cc(73)] ReadMemory at 0xe31d000 of 12288 bytes failed: ?????? ReadProcessMemory ??? WriteProcessMemory ??? ???????? ?????? ????????. (0x12B)
[1026/112353.188:ERROR:process_memory_win.cc(73)] ReadMemory at 0xec6e000 of 8192 bytes failed: ?????? ReadProcessMemory ??? WriteProcessMemory ??? ???????? ?????? ????????. (0x12B)
[1026/112353.188:ERROR:process_memory_win.cc(73)] ReadMemory at 0xa70000 of 384 bytes failed: ?????? ReadProcessMemory ??? WriteProcessMemory ??? ???????? ?????? ????????. (0x12B)
[1026/112353.188:ERROR:process_memory_win.cc(73)] ReadMemory at 0xa71320 of 7000 bytes failed: ?????? ReadProcessMemory ??? WriteProcessMemory ??? ???????? ?????? ????????. (0x12B)
[1026/112353.188:ERROR:process_memory_win.cc(73)] ReadMemory at 0xa72e80 of 1012 bytes failed: ?????? ReadProcessMemory ??? WriteProcessMemory ??? ???????? ?????? ????????. (0x12B)
[1026/112353.188:ERROR:process_memory_win.cc(73)] ReadMemory at 0xa73488 of 1976 bytes failed: ?????? ReadProcessMemory ??? WriteProcessMemory ??? ???????? ?????? ????????. (0x12B)
[1026/112353.188:ERROR:process_memory_win.cc(73)] ReadMemory at 0xa73c42 of 118 bytes failed: ?????? ReadProcessMemory ??? WriteProcessMemory ??? ???????? ?????? ????????. (0x12B)
[1026/112353.188:ERROR:process_memory_win.cc(73)] ReadMemory at 0xa73cba of 634 bytes failed: ?????? ReadProcessMemory ??? WriteProcessMemory ??? ???????? ?????? ????????. (0x12B)
[1026/112353.188:ERROR:process_memory_win.cc(73)] ReadMemory at 0xa73f36 of 118 bytes failed: ?????? ReadProcessMemory ??? WriteProcessMemory ??? ???????? ?????? ????????. (0x12B)
[1026/112353.188:ERROR:process_memory_win.cc(73)] ReadMemory at 0xa73fae of 96 bytes failed: ?????? ReadProcessMemory ??? WriteProcessMemory ??? ???????? ?????? ????????. (0x12B)
[1026/112353.188:ERROR:process_memory_win.cc(73)] ReadMemory at 0xa74020 of 58 bytes failed: ?????? ReadProcessMemory ??? WriteProcessMemory ??? ???????? ?????? ????????. (0x12B)
[1026/112353.188:ERROR:process_memory_win.cc(73)] ReadMemory at 0xa740b0 of 132 bytes failed: ?????? ReadProcessMemory ??? WriteProcessMemory ??? ???????? ?????? ????????. (0x12B)
[1026/112353.188:ERROR:process_memory_win.cc(73)] ReadMemory at 0xa741a0 of 132 bytes failed: ?????? ReadProcessMemory ??? WriteProcessMemory ??? ???????? ?????? ????????. (0x12B)
[1026/112353.189:ERROR:process_memory_win.cc(73)] ReadMemory at 0xa742b8 of 126 bytes failed: ?????? ReadProcessMemory ??? WriteProcessMemory ??? ???????? ?????? ????????. (0x12B)
[1026/112353.189:ERROR:process_memory_win.cc(73)] ReadMemory at 0xa746c0 of 64 bytes failed: ?????? ReadProcessMemory ??? WriteProcessMemory ??? ???????? ?????? ????????. (0x12B)
[1026/112353.189:ERROR:process_memory_win.cc(73)] ReadMemory at 0xa74710 of 132 bytes failed: ?????? ReadProcessMemory ??? WriteProcessMemory ??? ???????? ?????? ????????. (0x12B)
[1026/112353.189:ERROR:process_memory_win.cc(73)] ReadMemory at 0xa74830 of 68 bytes failed: ?????? ReadProcessMemory ??? WriteProcessMemory ??? ???????? ?????? ????????. (0x12B)
[1026/112353.189:ERROR:process_memory_win.cc(73)] ReadMemory at 0xa74880 of 132 bytes failed: ?????? ReadProcessMemory ??? WriteProcessMemory ??? ???????? ?????? ????????. (0x12B)
[1026/112353.202:ERROR:process_memory_win.cc(73)] ReadMemory at 0xa75780 of 60 bytes failed: ?????? ReadProcessMemory ??? WriteProcessMemory ??? ???????? ?????? ????????. (0x12B)
[1026/112353.202:ERROR:process_memory_win.cc(73)] ReadMemory at 0xa75890 of 62 bytes failed: ?????? ReadProcessMemory ??? WriteProcessMemory ??? ???????? ?????? ????????. (0x12B)
[1026/112353.202:ERROR:process_memory_win.cc(73)] ReadMemory at 0xa759b0 of 154 bytes failed: ?????? ReadProcessMemory ??? WriteProcessMemory ??? ???????? ?????? ????????. (0x12B)
[1026/112353.202:ERROR:process_memory_win.cc(73)] ReadMemory at 0xa75a60 of 132 bytes failed: ?????? ReadProcessMemory ??? WriteProcessMemory ??? ???????? ?????? ????????. (0x12B)
[1026/112353.202:ERROR:process_memory_win.cc(73)] ReadMemory at 0xa762b0 of 132 bytes failed: ?????? ReadProcessMemory ??? WriteProcessMemory ??? ???????? ?????? ????????. (0x12B)
[1026/112353.202:ERROR:process_memory_win.cc(73)] ReadMemory at 0xa764e0 of 132 bytes failed: ?????? ReadProcessMemory ??? WriteProcessMemory ??? ???????? ?????? ????????. (0x12B)
[1026/112353.202:ERROR:process_memory_win.cc(73)] ReadMemory at 0xa99570 of 104 bytes failed: ?????? ReadProcessMemory ??? WriteProcessMemory ??? ???????? ?????? ????????. (0x12B)
[1026/112353.202:ERROR:process_memory_win.cc(73)] ReadMemory at 0xa995f0 of 132 bytes failed: ?????? ReadProcessMemory ??? WriteProcessMemory ??? ???????? ?????? ????????. (0x12B)
[1026/112353.202:ERROR:process_memory_win.cc(73)] ReadMemory at 0xa9f1d0 of 58 bytes failed: ?????? ReadProcessMemory ??? WriteProcessMemory ??? ???????? ?????? ????????. (0x12B)
[1026/112353.202:ERROR:process_memory_win.cc(73)] ReadMemory at 0xa9f220 of 60 bytes failed: ?????? ReadProcessMemory ??? WriteProcessMemory ??? ???????? ?????? ????????. (0x12B)
[1026/112353.203:ERROR:process_memory_win.cc(73)] ReadMemory at 0xa9f270 of 58 bytes failed: ?????? ReadProcessMemory ??? WriteProcessMemory ??? ???????? ?????? ????????. (0x12B)
[1026/112353.203:ERROR:process_memory_win.cc(73)] ReadMemory at 0xa9f2c0 of 58 bytes failed: ?????? ReadProcessMemory ??? WriteProcessMemory ??? ???????? ?????? ????????. (0x12B)
[1026/112353.203:ERROR:process_memory_win.cc(73)] ReadMemory at 0xa9f310 of 58 bytes failed: ?????? ReadProcessMemory ??? WriteProcessMemory ??? ???????? ?????? ????????. (0x12B)
[1026/112353.203:ERROR:process_memory_win.cc(73)] ReadMemory at 0xa9f360 of 62 bytes failed: ?????? ReadProcessMemory ??? WriteProcessMemory ??? ???????? ?????? ????????. (0x12B)
[1026/112353.203:ERROR:process_memory_win.cc(73)] ReadMemory at 0xa9f3b0 of 64 bytes failed: ?????? ReadProcessMemory ??? WriteProcessMemory ??? ???????? ?????? ????????. (0x12B)
[1026/112353.203:ERROR:process_memory_win.cc(73)] ReadMemory at 0xa9f400 of 62 bytes failed: ?????? ReadProcessMemory ??? WriteProcessMemory ??? ???????? ?????? ????????. (0x12B)
[1026/112353.203:ERROR:process_memory_win.cc(73)] ReadMemory at 0xa9f450 of 60 bytes failed: ?????? ReadProcessMemory ??? WriteProcessMemory ??? ???????? ?????? ????????. (0x12B)
[1026/112353.203:ERROR:process_memory_win.cc(73)] ReadMemory at 0xa9fa40 of 64 bytes failed: ?????? ReadProcessMemory ??? WriteProcessMemory ??? ???????? ?????? ????????. (0x12B)
[1026/112353.203:ERROR:process_memory_win.cc(73)] ReadMemory at 0xa9fa90 of 64 bytes failed: ?????? ReadProcessMemory ??? WriteProcessMemory ??? ???????? ?????? ????????. (0x12B)
[1026/112353.203:ERROR:process_memory_win.cc(73)] ReadMemory at 0xa9fae0 of 64 bytes failed: ?????? ReadProcessMemory ??? WriteProcessMemory ??? ???????? ?????? ????????. (0x12B)
[1026/112353.203:ERROR:process_memory_win.cc(73)] ReadMemory at 0xa9fb30 of 58 bytes failed: ?????? ReadProcessMemory ??? WriteProcessMemory ??? ???????? ?????? ????????. (0x12B)
[1026/112353.203:ERROR:process_memory_win.cc(73)] ReadMemory at 0xa9fb80 of 60 bytes failed: ?????? ReadProcessMemory ??? WriteProcessMemory ??? ???????? ?????? ????????. (0x12B)
[1026/112353.203:ERROR:process_memory_win.cc(73)] ReadMemory at 0xaa5480 of 54 bytes failed: ?????? ReadProcessMemory ??? WriteProcessMemory ??? ???????? ?????? ????????. (0x12B)
[1026/112353.203:ERROR:process_memory_win.cc(73)] ReadMemory at 0xaa7870 of 132 bytes failed: ?????? ReadProcessMemory ??? WriteProcessMemory ??? ???????? ?????? ????????. (0x12B)
[1026/112353.203:ERROR:process_memory_win.cc(73)] ReadMemory at 0xaa7960 of 132 bytes failed: ?????? ReadProcessMemory ??? WriteProcessMemory ??? ???????? ?????? ????????. (0x12B)
[1026/112353.203:ERROR:process_memory_win.cc(73)] ReadMemory at 0xaa7a50 of 132 bytes failed: ?????? ReadProcessMemory ??? WriteProcessMemory ??? ???????? ?????? ????????. (0x12B)
[1026/112353.203:ERROR:process_memory_win.cc(73)] ReadMemory at 0xaa7b40 of 132 bytes failed: ?????? ReadProcessMemory ??? WriteProcessMemory ??? ???????? ?????? ????????. (0x12B)
[1026/112353.203:ERROR:process_memory_win.cc(73)] ReadMemory at 0xaaafe0 of 132 bytes failed: ?????? ReadProcessMemory ??? WriteProcessMemory ??? ???????? ?????? ????????. (0x12B)
[1026/112353.203:ERROR:process_memory_win.cc(73)] ReadMemory at 0xaab0d0 of 132 bytes failed: ?????? ReadProcessMemory ??? WriteProcessMemory ??? ???????? ?????? ????????. (0x12B)
[1026/112353.203:ERROR:process_memory_win.cc(73)] ReadMemory at 0xaab1c0 of 132 bytes failed: ?????? ReadProcessMemory ??? WriteProcessMemory ??? ???????? ?????? ????????. (0x12B)
[1026/112353.204:ERROR:process_memory_win.cc(73)] ReadMemory at 0xaab2b0 of 132 bytes failed: ?????? ReadProcessMemory ??? WriteProcessMemory ??? ???????? ?????? ????????. (0x12B)
[1026/112353.204:ERROR:process_memory_win.cc(73)] ReadMemory at 0xaab3a0 of 132 bytes failed: ?????? ReadProcessMemory ??? WriteProcessMemory ??? ???????? ?????? ????????. (0x12B)
[1026/112353.204:ERROR:process_memory_win.cc(73)] ReadMemory at 0xaab490 of 132 bytes failed: ?????? ReadProcessMemory ??? WriteProcessMemory ??? ???????? ?????? ????????. (0x12B)
[1026/112353.204:ERROR:process_memory_win.cc(73)] ReadMemory at 0xaab760 of 132 bytes failed: ?????? ReadProcessMemory ??? WriteProcessMemory ??? ???????? ?????? ????????. (0x12B)
[1026/112353.204:ERROR:process_memory_win.cc(73)] ReadMemory at 0xaab850 of 132 bytes failed: ?????? ReadProcessMemory ??? WriteProcessMemory ??? ???????? ?????? ????????. (0x12B)
[1026/112353.204:ERROR:process_memory_win.cc(73)] ReadMemory at 0xaab940 of 132 bytes failed: ?????? ReadProcessMemory ??? WriteProcessMemory ??? ???????? ?????? ????????. (0x12B)
[1026/112353.204:ERROR:process_memory_win.cc(73)] ReadMemory at 0xaaba30 of 132 bytes failed: ?????? ReadProcessMemory ??? WriteProcessMemory ??? ???????? ?????? ????????. (0x12B)
[1026/112353.204:ERROR:process_memory_win.cc(73)] ReadMemory at 0xaabb20 of 132 bytes failed: ?????? ReadProcessMemory ??? WriteProcessMemory ??? ???????? ?????? ????????. (0x12B)
[1026/112353.204:ERROR:process_memory_win.cc(73)] ReadMemory at 0xaabc10 of 132 bytes failed: ?????? ReadProcessMemory ??? WriteProcessMemory ??? ???????? ?????? ????????. (0x12B)
[1026/112353.204:ERROR:process_memory_win.cc(73)] ReadMemory at 0xaabd00 of 132 bytes failed: ?????? ReadProcessMemory ??? WriteProcessMemory ??? ???????? ?????? ????????. (0x12B)
[1026/112353.204:ERROR:process_memory_win.cc(73)] ReadMemory at 0xaabdf0 of 132 bytes failed: ?????? ReadProcessMemory ??? WriteProcessMemory ??? ???????? ?????? ????????. (0x12B)
[1026/112353.204:ERROR:process_memory_win.cc(73)] ReadMemory at 0xaabee0 of 132 bytes failed: ?????? ReadProcessMemory ??? WriteProcessMemory ??? ???????? ?????? ????????. (0x12B)
[1026/112353.204:ERROR:process_memory_win.cc(73)] ReadMemory at 0xaabfd0 of 132 bytes failed: ?????? ReadProcessMemory ??? WriteProcessMemory ??? ???????? ?????? ????????. (0x12B)
[1026/112353.204:ERROR:process_memory_win.cc(73)] ReadMemory at 0xaac0c0 of 132 bytes failed: ?????? ReadProcessMemory ??? WriteProcessMemory ??? ???????? ?????? ????????. (0x12B)
[1026/112353.204:ERROR:process_memory_win.cc(73)] ReadMemory at 0xaac1b0 of 132 bytes failed: ?????? ReadProcessMemory ??? WriteProcessMemory ??? ???????? ?????? ????????. (0x12B)
[1026/112353.507:ERROR:process_memory_win.cc(73)] ReadMemory at 0xaac2a0 of 132 bytes failed: ?????? ReadProcessMemory ??? WriteProcessMemory ??? ???????? ?????? ????????. (0x12B)
[1026/112353.507:ERROR:process_memory_win.cc(73)] ReadMemory at 0xaac390 of 132 bytes failed: ?????? ReadProcessMemory ??? WriteProcessMemory ??? ???????? ?????? ????????. (0x12B)
[1026/112353.507:ERROR:process_memory_win.cc(73)] ReadMemory at 0xaac480 of 132 bytes failed: ?????? ReadProcessMemory ??? WriteProcessMemory ??? ???????? ?????? ????????. (0x12B)
[1026/112353.507:ERROR:process_memory_win.cc(73)] ReadMemory at 0xaac570 of 132 bytes failed: ?????? ReadProcessMemory ??? WriteProcessMemory ??? ???????? ?????? ????????. (0x12B)
[1026/112353.507:ERROR:process_memory_win.cc(73)] ReadMemory at 0xaac660 of 132 bytes failed: ?????? ReadProcessMemory ??? WriteProcessMemory ??? ???????? ?????? ????????. (0x12B)
[1026/112353.507:ERROR:process_memory_win.cc(73)] ReadMemory at 0xaac750 of 132 bytes failed: ?????? ReadProcessMemory ??? WriteProcessMemory ??? ???????? ?????? ????????. (0x12B)
[1026/112353.507:ERROR:process_memory_win.cc(73)] ReadMemory at 0xaac840 of 132 bytes failed: ?????? ReadProcessMemory ??? WriteProcessMemory ??? ???????? ?????? ????????. (0x12B)
[1026/112353.507:ERROR:process_memory_win.cc(73)] ReadMemory at 0xaac930 of 132 bytes failed: ?????? ReadProcessMemory ??? WriteProcessMemory ??? ???????? ?????? ????????. (0x12B)
[1026/112353.507:ERROR:process_memory_win.cc(73)] ReadMemory at 0xaaca20 of 132 bytes failed: ?????? ReadProcessMemory ??? WriteProcessMemory ??? ???????? ?????? ????????. (0x12B)
[1026/112353.507:ERROR:process_memory_win.cc(73)] ReadMemory at 0xaacb10 of 132 bytes failed: ?????? ReadProcessMemory ??? WriteProcessMemory ??? ???????? ?????? ????????. (0x12B)
[1026/112353.507:ERROR:process_memory_win.cc(73)] ReadMemory at 0xaacc00 of 132 bytes failed: ?????? ReadProcessMemory ??? WriteProcessMemory ??? ???????? ?????? ????????. (0x12B)
[1026/112353.507:ERROR:process_memory_win.cc(73)] ReadMemory at 0xaaccf0 of 132 bytes failed: ?????? ReadProcessMemory ??? WriteProcessMemory ??? ???????? ?????? ????????. (0x12B)
[1026/112353.507:ERROR:process_memory_win.cc(73)] ReadMemory at 0xaacde0 of 132 bytes failed: ?????? ReadProcessMemory ??? WriteProcessMemory ??? ???????? ?????? ????????. (0x12B)
[1026/112353.507:ERROR:process_memory_win.cc(73)] ReadMemory at 0xab8fb0 of 80 bytes failed: ?????? ReadProcessMemory ??? WriteProcessMemory ??? ???????? ?????? ????????. (0x12B)
[1026/112353.508:ERROR:process_memory_win.cc(73)] ReadMemory at 0xabdbf0 of 124 bytes failed: ?????? ReadProcessMemory ??? WriteProcessMemory ??? ???????? ?????? ????????. (0x12B)
[1026/112353.508:ERROR:process_memory_win.cc(73)] ReadMemory at 0xabdc80 of 130 bytes failed: ?????? ReadProcessMemory ??? WriteProcessMemory ??? ???????? ?????? ????????. (0x12B)
[1026/112353.508:ERROR:process_memory_win.cc(73)] ReadMemory at 0xabea10 of 62 bytes failed: ?????? ReadProcessMemory ??? WriteProcessMemory ??? ???????? ?????? ????????. (0x12B)
[1026/112353.508:ERROR:process_memory_win.cc(73)] ReadMemory at 0xabeab0 of 60 bytes failed: ?????? ReadProcessMemory ??? WriteProcessMemory ??? ???????? ?????? ????????. (0x12B)
[1026/112353.508:ERROR:process_memory_win.cc(73)] ReadMemory at 0xabeb00 of 64 bytes failed: ?????? ReadProcessMemory ??? WriteProcessMemory ??? ???????? ?????? ????????. (0x12B)
[1026/112353.508:ERROR:process_memory_win.cc(73)] ReadMemory at 0xabeb50 of 60 bytes failed: ?????? ReadProcessMemory ??? WriteProcessMemory ??? ???????? ?????? ????????. (0x12B)
[1026/112353.508:ERROR:process_memory_win.cc(73)] ReadMemory at 0xabeba0 of 58 bytes failed: ?????? ReadProcessMemory ??? WriteProcessMemory ??? ???????? ?????? ????????. (0x12B)
[1026/112353.508:ERROR:process_memory_win.cc(73)] ReadMemory at 0xabebf0 of 58 bytes failed: ?????? ReadProcessMemory ??? WriteProcessMemory ??? ???????? ?????? ????????. (0x12B)
[1026/112353.508:ERROR:process_memory_win.cc(73)] ReadMemory at 0xabec40 of 60 bytes failed: ?????? ReadProcessMemory ??? WriteProcessMemory ??? ???????? ?????? ????????. (0x12B)
[1026/112353.508:ERROR:process_memory_win.cc(73)] ReadMemory at 0xabec90 of 62 bytes failed: ?????? ReadProcessMemory ??? WriteProcessMemory ??? ???????? ?????? ????????. (0x12B)
[1026/112353.508:ERROR:process_memory_win.cc(73)] ReadMemory at 0xabece0 of 62 bytes failed: ?????? ReadProcessMemory ??? WriteProcessMemory ??? ???????? ?????? ????????. (0x12B)
[1026/112353.508:ERROR:process_memory_win.cc(73)] ReadMemory at 0xabed30 of 62 bytes failed: ?????? ReadProcessMemory ??? WriteProcessMemory ??? ???????? ?????? ????????. (0x12B)
[1026/112353.508:ERROR:process_memory_win.cc(73)] ReadMemory at 0xabed80 of 62 bytes failed: ?????? ReadProcessMemory ??? WriteProcessMemory ??? ???????? ?????? ????????. (0x12B)
[1026/112353.508:ERROR:process_memory_win.cc(73)] ReadMemory at 0xabedd0 of 64 bytes failed: ?????? ReadProcessMemory ??? WriteProcessMemory ??? ???????? ?????? ????????. (0x12B)
[1026/112353.508:ERROR:process_memory_win.cc(73)] ReadMemory at 0xabee20 of 62 bytes failed: ?????? ReadProcessMemory ??? WriteProcessMemory ??? ???????? ?????? ????????. (0x12B)
[1026/112353.508:ERROR:process_memory_win.cc(73)] ReadMemory at 0xabee70 of 60 bytes failed: ?????? ReadProcessMemory ??? WriteProcessMemory ??? ???????? ?????? ????????. (0x12B)
[1026/112353.508:ERROR:process_memory_win.cc(73)] ReadMemory at 0xabeec0 of 60 bytes failed: ?????? ReadProcessMemory ??? WriteProcessMemory ??? ???????? ?????? ????????. (0x12B)
[1026/112353.508:ERROR:process_memory_win.cc(73)] ReadMemory at 0xabef10 of 64 bytes failed: ?????? ReadProcessMemory ??? WriteProcessMemory ??? ???????? ?????? ????????. (0x12B)
[1026/112353.508:ERROR:process_memory_win.cc(73)] ReadMemory at 0xabef60 of 62 bytes failed: ?????? ReadProcessMemory ??? WriteProcessMemory ??? ???????? ?????? ????????. (0x12B)
[1026/112353.508:ERROR:process_memory_win.cc(73)] ReadMemory at 0xabefb0 of 58 bytes failed: ?????? ReadProcessMemory ??? WriteProcessMemory ??? ???????? ?????? ????????. (0x12B)
[1026/112353.508:ERROR:process_memory_win.cc(73)] ReadMemory at 0xabf000 of 64 bytes failed: ?????? ReadProcessMemory ??? WriteProcessMemory ??? ???????? ?????? ????????. (0x12B)
[1026/112353.508:ERROR:process_memory_win.cc(73)] ReadMemory at 0xac8a40 of 54 bytes failed: ?????? ReadProcessMemory ??? WriteProcessMemory ??? ???????? ?????? ????????. (0x12B)
[1026/112353.509:ERROR:process_memory_win.cc(73)] ReadMemory at 0xac96c0 of 130 bytes failed: ?????? ReadProcessMemory ??? WriteProcessMemory ??? ???????? ?????? ????????. (0x12B)
[1026/112353.509:ERROR:process_memory_win.cc(73)] ReadMemory at 0xacad20 of 146 bytes failed: ?????? ReadProcessMemory ??? WriteProcessMemory ??? ???????? ?????? ????????. (0x12B)
[1026/112353.509:ERROR:process_memory_win.cc(73)] ReadMemory at 0xad7180 of 132 bytes failed: ?????? ReadProcessMemory ??? WriteProcessMemory ??? ???????? ?????? ????????. (0x12B)
[1026/112353.509:ERROR:process_memory_win.cc(73)] ReadMemory at 0xad7270 of 132 bytes failed: ?????? ReadProcessMemory ??? WriteProcessMemory ??? ???????? ?????? ????????. (0x12B)
[1026/112353.509:ERROR:process_memory_win.cc(73)] ReadMemory at 0xad7360 of 132 bytes failed: ?????? ReadProcessMemory ??? WriteProcessMemory ??? ???????? ?????? ????????. (0x12B)
[1026/112353.509:ERROR:process_memory_win.cc(73)] ReadMemory at 0xad7450 of 132 bytes failed: ?????? ReadProcessMemory ??? WriteProcessMemory ??? ???????? ?????? ????????. (0x12B)
[1026/112353.551:ERROR:process_memory_win.cc(73)] ReadMemory at 0xad7540 of 132 bytes failed: ?????? ReadProcessMemory ??? WriteProcessMemory ??? ???????? ?????? ????????. (0x12B)
[1026/112353.551:ERROR:process_memory_win.cc(73)] ReadMemory at 0xad7630 of 132 bytes failed: ?????? ReadProcessMemory ??? WriteProcessMemory ??? ???????? ?????? ????????. (0x12B)
[1026/112353.551:ERROR:process_memory_win.cc(73)] ReadMemory at 0xb1e250 of 66 bytes failed: ?????? ReadProcessMemory ??? WriteProcessMemory ??? ???????? ?????? ????????. (0x12B)
[1026/112353.552:ERROR:process_memory_win.cc(73)] ReadMemory at 0xb336f0 of 512 bytes failed: ?????? ReadProcessMemory ??? WriteProcessMemory ??? ???????? ?????? ????????. (0x12B)
[1026/112353.552:ERROR:process_memory_win.cc(73)] ReadMemory at 0xb35890 of 512 bytes failed: ?????? ReadProcessMemory ??? WriteProcessMemory ??? ???????? ?????? ????????. (0x12B)
[1026/112353.552:ERROR:process_memory_win.cc(73)] ReadMemory at 0xb397b0 of 512 bytes failed: ?????? ReadProcessMemory ??? WriteProcessMemory ??? ???????? ?????? ????????. (0x12B)
[1026/112353.552:ERROR:process_memory_win.cc(73)] ReadMemory at 0xb39f30 of 512 bytes failed: ?????? ReadProcessMemory ??? WriteProcessMemory ??? ???????? ?????? ????????. (0x12B)
[1026/112353.552:ERROR:process_memory_win.cc(73)] ReadMemory at 0xb3b1a0 of 896 bytes failed: ?????? ReadProcessMemory ??? WriteProcessMemory ??? ???????? ?????? ????????. (0x12B)
[1026/112353.552:ERROR:process_memory_win.cc(73)] ReadMemory at 0xb3fd70 of 512 bytes failed: ?????? ReadProcessMemory ??? WriteProcessMemory ??? ???????? ?????? ????????. (0x12B)
[1026/112353.552:ERROR:process_memory_win.cc(73)] ReadMemory at 0xb401d0 of 512 bytes failed: ?????? ReadProcessMemory ??? WriteProcessMemory ??? ???????? ?????? ????????. (0x12B)
[1026/112353.552:ERROR:process_memory_win.cc(73)] ReadMemory at 0xb52530 of 512 bytes failed: ?????? ReadProcessMemory ??? WriteProcessMemory ??? ???????? ?????? ????????. (0x12B)
[1026/112353.552:ERROR:process_memory_win.cc(73)] ReadMemory at 0xb559f0 of 712 bytes failed: ?????? ReadProcessMemory ??? WriteProcessMemory ??? ???????? ?????? ????????. (0x12B)
[1026/112353.552:ERROR:process_memory_win.cc(73)] ReadMemory at 0xb55d70 of 512 bytes failed: ?????? ReadProcessMemory ??? WriteProcessMemory ??? ???????? ?????? ????????. (0x12B)
[1026/112353.552:ERROR:process_memory_win.cc(73)] ReadMemory at 0xb59690 of 512 bytes failed: ?????? ReadProcessMemory ??? WriteProcessMemory ??? ???????? ?????? ????????. (0x12B)
[1026/112353.569:ERROR:process_memory_win.cc(73)] ReadMemory at 0x2da65d0 of 576 bytes failed: ?????? ReadProcessMemory ??? WriteProcessMemory ??? ???????? ?????? ????????. (0x12B)
[1026/112353.569:ERROR:process_memory_win.cc(73)] ReadMemory at 0x2da6d40 of 512 bytes failed: ?????? ReadProcessMemory ??? WriteProcessMemory ??? ???????? ?????? ????????. (0x12B)
[1026/112353.569:ERROR:process_memory_win.cc(73)] ReadMemory at 0x2da77f0 of 944 bytes failed: ?????? ReadProcessMemory ??? WriteProcessMemory ??? ???????? ?????? ????????. (0x12B)
[1026/112353.569:ERROR:process_memory_win.cc(73)] ReadMemory at 0x2da95a0 of 512 bytes failed: ?????? ReadProcessMemory ??? WriteProcessMemory ??? ???????? ?????? ????????. (0x12B)
[1026/112353.569:ERROR:process_memory_win.cc(73)] ReadMemory at 0x2dc7481 of 512 bytes failed: ?????? ReadProcessMemory ??? WriteProcessMemory ??? ???????? ?????? ????????. (0x12B)
[1026/112353.569:ERROR:process_memory_win.cc(73)] ReadMemory at 0x2dc93d0 of 560 bytes failed: ?????? ReadProcessMemory ??? WriteProcessMemory ??? ???????? ?????? ????????. (0x12B)
[1026/112353.569:ERROR:process_memory_win.cc(73)] ReadMemory at 0x2dd4946 of 524 bytes failed: ?????? ReadProcessMemory ??? WriteProcessMemory ??? ???????? ?????? ????????. (0x12B)
[1026/112353.569:ERROR:process_memory_win.cc(73)] ReadMemory at 0x2e7cc10 of 512 bytes failed: ?????? ReadProcessMemory ??? WriteProcessMemory ??? ???????? ?????? ????????. (0x12B)
[1026/112353.569:ERROR:process_memory_win.cc(73)] ReadMemory at 0xb269000 of 512 bytes failed: ?????? ReadProcessMemory ??? WriteProcessMemory ??? ???????? ?????? ????????. (0x12B)
[1026/112353.569:ERROR:process_memory_win.cc(73)] ReadMemory at 0xbb25580 of 512 bytes failed: ?????? ReadProcessMemory ??? WriteProcessMemory ??? ???????? ?????? ????????. (0x12B)
[1026/112353.569:ERROR:process_memory_win.cc(73)] ReadMemory at 0xc18f600 of 512 bytes failed: ?????? ReadProcessMemory ??? WriteProcessMemory ??? ???????? ?????? ????????. (0x12B)
[1026/112353.569:ERROR:process_memory_win.cc(73)] ReadMemory at 0xc1efb70 of 512 bytes failed: ?????? ReadProcessMemory ??? WriteProcessMemory ??? ???????? ?????? ????????. (0x12B)
[1026/112353.569:ERROR:process_memory_win.cc(73)] ReadMemory at 0xcd243f0 of 657 bytes failed: ?????? ReadProcessMemory ??? WriteProcessMemory ??? ???????? ?????? ????????. (0x12B)
[1026/112353.569:ERROR:process_memory_win.cc(73)] ReadMemory at 0xd083648 of 512 bytes failed: ?????? ReadProcessMemory ??? WriteProcessMemory ??? ???????? ?????? ????????. (0x12B)
[1026/112353.569:ERROR:process_memory_win.cc(73)] ReadMemory at 0xd16bcb0 of 512 bytes failed: ?????? ReadProcessMemory ??? WriteProcessMemory ??? ???????? ?????? ????????. (0x12B)
[1026/112353.569:ERROR:process_memory_win.cc(73)] ReadMemory at 0xd338840 of 512 bytes failed: ?????? ReadProcessMemory ??? WriteProcessMemory ??? ???????? ?????? ????????. (0x12B)
[1026/112353.570:ERROR:process_memory_win.cc(73)] ReadMemory at 0x76ffc2a8 of 512 bytes failed: ?????? ReadProcessMemory ??? WriteProcessMemory ??? ???????? ?????? ????????. (0x12B)
[1026/112353.570:ERROR:process_memory_win.cc(73)] ReadMemory at 0x7702a790 of 512 bytes failed: ?????? ReadProcessMemory ??? WriteProcessMemory ??? ???????? ?????? ????????. (0x12B)
[1026/112353.570:ERROR:process_memory_win.cc(73)] ReadMemory at 0x7702f3f0 of 512 bytes failed: ?????? ReadProcessMemory ??? WriteProcessMemory ??? ???????? ?????? ????????. (0x12B)
[1026/112353.570:ERROR:process_memory_win.cc(73)] ReadMemory at 0x7705d97a of 1280 bytes failed: ?????? ReadProcessMemory ??? WriteProcessMemory ??? ???????? ?????? ????????. (0x12B)
[1026/112353.570:ERROR:process_memory_win.cc(73)] ReadMemory at 0x7705deea of 512 bytes failed: ?????? ReadProcessMemory ??? WriteProcessMemory ??? ???????? ?????? ????????. (0x12B)
[1026/112353.570:ERROR:process_memory_win.cc(73)] ReadMemory at 0x7705f22a of 528 bytes failed: ?????? ReadProcessMemory ??? WriteProcessMemory ??? ???????? ?????? ????????. (0x12B)
[1026/112353.607:ERROR:process_memory_win.cc(73)] ReadMemory at 0x77110460 of 816 bytes failed: ?????? ReadProcessMemory ??? WriteProcessMemory ??? ???????? ?????? ????????. (0x12B)
[1026/112353.607:ERROR:process_memory_win.cc(73)] ReadMemory at 0x77121428 of 18 bytes failed: ?????? ReadProcessMemory ??? WriteProcessMemory ??? ???????? ?????? ????????. (0x12B)
[1026/112353.623:ERROR:process_memory_win.cc(73)] ReadMemory at 0x7713e640 of 64 bytes failed: ?????? ReadProcessMemory ??? WriteProcessMemory ??? ???????? ?????? ????????. (0x12B)
[1026/112353.623:ERROR:process_memory_win.cc(73)] ReadMemory at 0x77143100 of 48 bytes failed: ?????? ReadProcessMemory ??? WriteProcessMemory ??? ???????? ?????? ????????. (0x12B)
[1026/112353.623:ERROR:process_memory_win.cc(73)] ReadMemory at 0x77143490 of 40 bytes failed: ?????? ReadProcessMemory ??? WriteProcessMemory ??? ???????? ?????? ????????. (0x12B)
[1026/112353.624:ERROR:process_memory_win.cc(73)] ReadMemory at 0x7d4080425b5 of 512 bytes failed: ?????? ReadProcessMemory ??? WriteProcessMemory ??? ???????? ?????? ????????. (0x12B)
[1026/112353.624:ERROR:process_memory_win.cc(73)] ReadMemory at 0x7d409738a00 of 593 bytes failed: ?????? ReadProcessMemory ??? WriteProcessMemory ??? ???????? ?????? ????????. (0x12B)
[1026/112353.624:ERROR:process_memory_win.cc(73)] ReadMemory at 0x7d40aa40090 of 512 bytes failed: ?????? ReadProcessMemory ??? WriteProcessMemory ??? ???????? ?????? ????????. (0x12B)
[1026/112353.624:ERROR:process_memory_win.cc(73)] ReadMemory at 0x7d40c51f19d of 512 bytes failed: ?????? ReadProcessMemory ??? WriteProcessMemory ??? ???????? ?????? ????????. (0x12B)
[1026/112353.624:ERROR:process_memory_win.cc(73)] ReadMemory at 0x7fec4c9f090 of 512 bytes failed: ?????? ReadProcessMemory ??? WriteProcessMemory ??? ???????? ?????? ????????. (0x12B)
[1026/112353.624:ERROR:process_memory_win.cc(73)] ReadMemory at 0x7fec4cf34db of 512 bytes failed: ?????? ReadProcessMemory ??? WriteProcessMemory ??? ???????? ?????? ????????. (0x12B)
[1026/112353.624:ERROR:process_memory_win.cc(73)] ReadMemory at 0x7fec6ca5a40 of 512 bytes failed: ?????? ReadProcessMemory ??? WriteProcessMemory ??? ???????? ?????? ????????. (0x12B)
[1026/112353.624:ERROR:process_memory_win.cc(73)] ReadMemory at 0x7fecd798a30 of 512 bytes failed: ?????? ReadProcessMemory ??? WriteProcessMemory ??? ???????? ?????? ????????. (0x12B)
[1026/112353.624:ERROR:process_memory_win.cc(73)] ReadMemory at 0x7fee9689b10 of 512 bytes failed: ?????? ReadProcessMemory ??? WriteProcessMemory ??? ???????? ?????? ????????. (0x12B)
[1026/112353.624:ERROR:process_memory_win.cc(73)] ReadMemory at 0x7fefb1a0000 of 384 bytes failed: ?????? ReadProcessMemory ??? WriteProcessMemory ??? ???????? ?????? ????????. (0x12B)
[1026/112353.624:ERROR:process_memory_win.cc(73)] ReadMemory at 0x7fefcddb35d of 512 bytes failed: ?????? ReadProcessMemory ??? WriteProcessMemory ??? ???????? ?????? ????????. (0x12B)
[1026/112353.624:ERROR:process_memory_win.cc(73)] ReadMemory at 0x7fffff9c000 of 6024 bytes failed: ?????? ReadProcessMemory ??? WriteProcessMemory ??? ???????? ?????? ????????. (0x12B)
[1026/112353.624:ERROR:process_memory_win.cc(73)] ReadMemory at 0x7fffff9e000 of 6024 bytes failed: ?????? ReadProcessMemory ??? WriteProcessMemory ??? ???????? ?????? ????????. (0x12B)
[1026/112353.624:ERROR:process_memory_win.cc(73)] ReadMemory at 0x7fffffa0000 of 6024 bytes failed: ?????? ReadProcessMemory ??? WriteProcessMemory ??? ???????? ?????? ????????. (0x12B)
[1026/112353.624:ERROR:process_memory_win.cc(73)] ReadMemory at 0x7fffffa2000 of 6024 bytes failed: ?????? ReadProcessMemory ??? WriteProcessMemory ??? ???????? ?????? ????????. (0x12B)
[1026/112353.625:ERROR:process_memory_win.cc(73)] ReadMemory at 0x7fffffa4000 of 6024 bytes failed: ?????? ReadProcessMemory ??? WriteProcessMemory ??? ???????? ?????? ????????. (0x12B)
[1026/112353.625:ERROR:process_memory_win.cc(73)] ReadMemory at 0x7fffffa6000 of 6024 bytes failed: ?????? ReadProcessMemory ??? WriteProcessMemory ??? ???????? ?????? ????????. (0x12B)
[1026/112353.625:ERROR:process_memory_win.cc(73)] ReadMemory at 0x7fffffa8000 of 6024 bytes failed: ?????? ReadProcessMemory ??? WriteProcessMemory ??? ???????? ?????? ????????. (0x12B)
[1026/112353.625:ERROR:process_memory_win.cc(73)] ReadMemory at 0x7fffffaa000 of 6024 bytes failed: ?????? ReadProcessMemory ??? WriteProcessMemory ??? ???????? ?????? ????????. (0x12B)
[1026/112353.625:ERROR:process_memory_win.cc(73)] ReadMemory at 0x7fffffac000 of 6024 bytes failed: ?????? ReadProcessMemory ??? WriteProcessMemory ??? ???????? ?????? ????????. (0x12B)
[1026/112353.625:ERROR:process_memory_win.cc(73)] ReadMemory at 0x7fffffae000 of 6024 bytes failed: ?????? ReadProcessMemory ??? WriteProcessMemory ??? ???????? ?????? ????????. (0x12B)
[1026/112353.625:ERROR:process_memory_win.cc(73)] ReadMemory at 0x7fffffd4000 of 6024 bytes failed: ?????? ReadProcessMemory ??? WriteProcessMemory ??? ???????? ?????? ????????. (0x12B)
[1026/112353.625:ERROR:process_memory_win.cc(73)] ReadMemory at 0x7fffffd6000 of 852 bytes failed: ?????? ReadProcessMemory ??? WriteProcessMemory ??? ???????? ?????? ????????. (0x12B)
[1026/112353.625:ERROR:process_memory_win.cc(73)] ReadMemory at 0x7fffffd8000 of 6024 bytes failed: ?????? ReadProcessMemory ??? WriteProcessMemory ??? ???????? ?????? ????????. (0x12B)
[1026/112353.625:ERROR:process_memory_win.cc(73)] ReadMemory at 0x7fffffda000 of 6024 bytes failed: ?????? ReadProcessMemory ??? WriteProcessMemory ??? ???????? ?????? ????????. (0x12B)
[1026/112353.625:ERROR:process_memory_win.cc(73)] ReadMemory at 0x7fffffdc000 of 6024 bytes failed: ?????? ReadProcessMemory ??? WriteProcessMemory ??? ???????? ?????? ????????. (0x12B)
[1026/112353.625:ERROR:process_memory_win.cc(73)] ReadMemory at 0x7fffffde000 of 6024 bytes failed: ?????? ReadProcessMemory ??? WriteProcessMemory ??? ???????? ?????? ????????. (0x12B)
[1026/112353.793:ERROR:scoped_process_suspend.cc(40)] NtResumeProcess: ??????? ??????? ? ????????, ???????????? ????????? ??????????. (0xc000010a)
[1026/165334.401:ERROR:directory_reader_win.cc(43)] FindFirstFile: ??????? ?? ??????? ????? ????????? ????. (0x3)
[1027/115956.236:ERROR:directory_reader_win.cc(43)] FindFirstFile: ??????? ?? ??????? ????? ????????? ????. (0x3)
